[2025-10-20 18:33:08.032] TRANSACTION: Buyer-Alice bought 11 shares of GOOGL from Seller-Henry @ $141.83/share (Total: $1560.13) [Buy Order #2, Sell Order #3]
[2025-10-20 18:33:08.640] TRANSACTION: Buyer-Charlie bought 11 shares of AAPL from Seller-Grace @ $175.58/share (Total: $1931.38) [Buy Order #1, Sell Order #9]
[2025-10-20 18:33:08.777] TRANSACTION: Buyer-Bob bought 38 shares of AAPL from Seller-Grace @ $174.92/share (Total: $6646.96) [Buy Order #11, Sell Order #9]
[2025-10-20 18:33:09.155] TRANSACTION: Buyer-Ethan bought 19 shares of GOOGL from Seller-Frank @ $138.20/share (Total: $2625.80) [Buy Order #5, Sell Order #13]
[2025-10-20 18:33:09.341] TRANSACTION: Buyer-Ethan bought 18 shares of GOOGL from Seller-Ivy @ $138.20/share (Total: $2487.60) [Buy Order #5, Sell Order #19]
[2025-10-20 18:33:09.484] TRANSACTION: Buyer-Charlie bought 26 shares of GOOGL from Seller-Ivy @ $137.61/share (Total: $3577.86) [Buy Order #21, Sell Order #19]
[2025-10-20 18:33:09.680] TRANSACTION: Buyer-Ethan bought 35 shares of NFLX from Seller-Frank @ $650.57/share (Total: $22769.95) [Buy Order #17, Sell Order #24]
[2025-10-20 18:33:09.902] TRANSACTION: Buyer-Charlie bought 30 shares of AMZN from Seller-Jack @ $180.66/share (Total: $5419.80) [Buy Order #25, Sell Order #15]
[2025-10-20 18:33:10.467] TRANSACTION: Buyer-Bob bought 6 shares of TSLA from Seller-Henry @ $237.60/share (Total: $1425.60) [Buy Order #32, Sell Order #34]
[2025-10-20 18:33:10.526] TRANSACTION: Buyer-Charlie bought 9 shares of GOOGL from Seller-Henry @ $146.13/share (Total: $1315.17) [Buy Order #36, Sell Order #3]
[2025-10-20 18:33:10.851] TRANSACTION: Buyer-Charlie bought 7 shares of MSFT from Seller-Grace @ $390.36/share (Total: $2732.52) [Buy Order #38, Sell Order #23]
[2025-10-20 18:33:10.899] TRANSACTION: Buyer-Ethan bought 7 shares of GOOGL from Seller-Henry @ $146.29/share (Total: $1024.03) [Buy Order #39, Sell Order #3]
[2025-10-20 18:33:10.900] TRANSACTION: Buyer-Ethan bought 11 shares of GOOGL from Seller-Ivy @ $146.29/share (Total: $1609.19) [Buy Order #39, Sell Order #19]
[2025-10-20 18:33:10.902] TRANSACTION: Buyer-Diana bought 8 shares of MSFT from Seller-Grace @ $387.56/share (Total: $3100.48) [Buy Order #40, Sell Order #23]
[2025-10-20 18:33:11.316] TRANSACTION: Buyer-Ethan bought 22 shares of GOOGL from Seller-Frank @ $146.29/share (Total: $3218.38) [Buy Order #39, Sell Order #45]
[2025-10-20 18:33:11.449] TRANSACTION: Buyer-Bob bought 67 shares of TSLA from Seller-Jack @ $237.60/share (Total: $15919.20) [Buy Order #32, Sell Order #48]
[2025-10-20 18:33:11.703] TRANSACTION: Buyer-Charlie bought 3 shares of AMZN from Seller-Jack @ $181.19/share (Total: $543.57) [Buy Order #51, Sell Order #15]
[2025-10-20 18:33:11.959] TRANSACTION: Buyer-Bob bought 13 shares of AAPL from Seller-Henry @ $174.92/share (Total: $2273.96) [Buy Order #11, Sell Order #54]
[2025-10-20 18:33:11.961] TRANSACTION: Buyer-Diana bought 3 shares of AAPL from Seller-Henry @ $168.09/share (Total: $504.27) [Buy Order #20, Sell Order #54]
[2025-10-20 18:33:12.354] TRANSACTION: Buyer-Charlie bought 18 shares of AMZN from Seller-Jack @ $176.59/share (Total: $3178.62) [Buy Order #59, Sell Order #15]
[2025-10-20 18:33:12.355] TRANSACTION: Buyer-Charlie bought 3 shares of AMZN from Seller-Ivy @ $176.59/share (Total: $529.77) [Buy Order #59, Sell Order #33]
[2025-10-20 18:33:12.409] TRANSACTION: Buyer-Bob bought 39 shares of MSFT from Seller-Grace @ $389.16/share (Total: $15177.24) [Buy Order #60, Sell Order #23]
[2025-10-20 18:33:12.687] TRANSACTION: Buyer-Ethan bought 11 shares of AMZN from Seller-Ivy @ $180.60/share (Total: $1986.60) [Buy Order #62, Sell Order #33]
[2025-10-20 18:33:12.688] TRANSACTION: Buyer-Ethan bought 8 shares of AMZN from Seller-Frank @ $180.60/share (Total: $1444.80) [Buy Order #62, Sell Order #55]
[2025-10-20 18:33:12.745] TRANSACTION: Buyer-Ethan bought 5 shares of GOOGL from Seller-Frank @ $146.29/share (Total: $731.45) [Buy Order #39, Sell Order #64]
[2025-10-20 18:33:12.746] TRANSACTION: Buyer-Alice bought 21 shares of GOOGL from Seller-Frank @ $137.21/share (Total: $2881.41) [Buy Order #53, Sell Order #64]
[2025-10-20 18:33:12.873] TRANSACTION: Buyer-Bob bought 15 shares of TSLA from Seller-Henry @ $237.60/share (Total: $3564.00) [Buy Order #32, Sell Order #67]
[2025-10-20 18:33:13.028] TRANSACTION: Buyer-Alice bought 18 shares of MSFT from Seller-Grace @ $389.45/share (Total: $7010.10) [Buy Order #68, Sell Order #23]
[2025-10-20 18:33:13.669] TRANSACTION: Buyer-Alice bought 25 shares of GOOGL from Seller-Jack @ $137.21/share (Total: $3430.25) [Buy Order #53, Sell Order #76]
[2025-10-20 18:33:13.670] TRANSACTION: Buyer-Diana bought 51 shares of GOOGL from Seller-Jack @ $136.58/share (Total: $6965.58) [Buy Order #75, Sell Order #76]
[2025-10-20 18:33:13.824] TRANSACTION: Buyer-Charlie bought 1 shares of MSFT from Seller-Grace @ $415.34/share (Total: $415.34) [Buy Order #77, Sell Order #23]
[2025-10-20 18:33:13.825] TRANSACTION: Buyer-Charlie bought 24 shares of MSFT from Seller-Ivy @ $415.34/share (Total: $9968.16) [Buy Order #77, Sell Order #42]
